# JRE version: Java(TM) SE Runtime Environment (8.0_65-b17) (build 1.8.0_65-b17)
# Java VM: Java HotSpot(TM) 64-Bit Server VM (25.65-b01 mixed mode bsd-amd64 compressed oops)
Heap:
 PSYoungGen      total 1356288K, used 355786K [0x000000076ab00000, 0x00000007bfd80000, 0x00000007c0000000)
  eden space 1339904K, 25% used [0x000000076ab00000,0x000000077f67fad0,0x00000007bc780000)
  from space 16384K, 99% used [0x00000007bc780000,0x00000007bd772e10,0x00000007bd780000)
  to   space 27648K, 0% used [0x00000007be280000,0x00000007be280000,0x00000007bfd80000)
 ParOldGen       total 699392K, used 108564K [0x00000006c0000000, 0x00000006eab00000, 0x000000076ab00000)
  object space 699392K, 15% used [0x00000006c0000000,0x00000006c6a052b8,0x00000006eab00000)
 Metaspace       used 83539K, capacity 96612K, committed 96728K, reserved 1134592K
  class space    used 10646K, capacity 11481K, committed 11520K, reserved 1048576K
GC Heap History (10 events):
Event: 455.688 GC heap before
{Heap before GC invocations=20 (full 3):
 PSYoungGen      total 1289728K, used 1268390K [0x000000076ab00000, 0x00000007bc880000, 0x00000007c0000000)
  eden space 1263104K, 100% used [0x000000076ab00000,0x00000007b7c80000,0x00000007b7c80000)
  from space 26624K, 19% used [0x00000007b9700000,0x00000007b9c29800,0x00000007bb100000)
  to   space 27136K, 0% used [0x00000007b7c80000,0x00000007b7c80000,0x00000007b9700000)
 ParOldGen       total 699392K, used 55551K [0x00000006c0000000, 0x00000006eab00000, 0x000000076ab00000)
  object space 699392K, 7% used [0x00000006c0000000,0x00000006c363fdc0,0x00000006eab00000)
 Metaspace       used 54112K, capacity 61754K, committed 62040K, reserved 1103872K
  class space    used 6484K, capacity 6914K, committed 7040K, reserved 1048576K
Event: 455.697 GC heap after
Heap after GC invocations=20 (full 3):
 PSYoungGen      total 1290240K, used 8752K [0x000000076ab00000, 0x00000007bfe80000, 0x00000007c0000000)
  eden space 1263104K, 0% used [0x000000076ab00000,0x000000076ab00000,0x00000007b7c80000)
  from space 27136K, 32% used [0x00000007b7c80000,0x00000007b850c180,0x00000007b9700000)
  to   space 26112K, 0% used [0x00000007be500000,0x00000007be500000,0x00000007bfe80000)
 ParOldGen       total 699392K, used 59194K [0x00000006c0000000, 0x00000006eab00000, 0x000000076ab00000)
  object space 699392K, 8% used [0x00000006c0000000,0x00000006c39ce9d0,0x00000006eab00000)
 Metaspace       used 54112K, capacity 61754K, committed 62040K, reserved 1103872K
  class space    used 6484K, capacity 6914K, committed 7040K, reserved 1048576K
}
Event: 503.093 GC heap before
{Heap before GC invocations=21 (full 3):
 PSYoungGen      total 1290240K, used 1271856K [0x000000076ab00000, 0x00000007bfe80000, 0x00000007c0000000)
  eden space 1263104K, 100% used [0x000000076ab00000,0x00000007b7c80000,0x00000007b7c80000)
  from space 27136K, 32% used [0x00000007b7c80000,0x00000007b850c180,0x00000007b9700000)
  to   space 26112K, 0% used [0x00000007be500000,0x00000007be500000,0x00000007bfe80000)
 ParOldGen       total 699392K, used 59194K [0x00000006c0000000, 0x00000006eab00000, 0x000000076ab00000)
  object space 699392K, 8% used [0x00000006c0000000,0x00000006c39ce9d0,0x00000006eab00000)
 Metaspace       used 64093K, capacity 73248K, committed 73432K, reserved 1114112K
  class space    used 8160K, capacity 8667K, committed 8704K, reserved 1048576K
Event: 503.110 GC heap after
Heap after GC invocations=21 (full 3):
 PSYoungGen      total 1369088K, used 19031K [0x000000076ab00000, 0x00000007c0000000, 0x00000007c0000000)
  eden space 1342976K, 0% used [0x000000076ab00000,0x000000076ab00000,0x00000007bca80000)
  from space 26112K, 72% used [0x00000007be500000,0x00000007bf795e20,0x00000007bfe80000)
  to   space 27136K, 0% used [0x00000007bca80000,0x00000007bca80000,0x00000007be500000)
 ParOldGen       total 699392K, used 67515K [0x00000006c0000000, 0x00000006eab00000, 0x000000076ab00000)
  object space 699392K, 9% used [0x00000006c0000000,0x00000006c41eecf0,0x00000006eab00000)
 Metaspace       used 64093K, capacity 73248K, committed 73432K, reserved 1114112K
  class space    used 8160K, capacity 8667K, committed 8704K, reserved 1048576K
}
Event: 868.311 GC heap before
{Heap before GC invocations=22 (full 3):
 PSYoungGen      total 1369088K, used 1362007K [0x000000076ab00000, 0x00000007c0000000, 0x00000007c0000000)
  eden space 1342976K, 100% used [0x000000076ab00000,0x00000007bca80000,0x00000007bca80000)
  from space 26112K, 72% used [0x00000007be500000,0x00000007bf795e20,0x00000007bfe80000)
  to   space 27136K, 0% used [0x00000007bca80000,0x00000007bca80000,0x00000007be500000)
 ParOldGen       total 699392K, used 67515K [0x00000006c0000000, 0x00000006eab00000, 0x000000076ab00000)
  object space 699392K, 9% used [0x00000006c0000000,0x00000006c41eecf0,0x00000006eab00000)
 Metaspace       used 67164K, capacity 78042K, committed 78168K, reserved 1118208K
  class space    used 8445K, capacity 9029K, committed 9088K, reserved 1048576K
Event: 868.326 GC heap after
Heap after GC invocations=22 (full 3):
 PSYoungGen      total 1365504K, used 22266K [0x000000076ab00000, 0x00000007c0000000, 0x00000007c0000000)
  eden space 1342976K, 0% used [0x000000076ab00000,0x000000076ab00000,0x00000007bca80000)
  from space 22528K, 98% used [0x00000007bca80000,0x00000007be03e850,0x00000007be080000)
  to   space 29184K, 0% used [0x00000007be380000,0x00000007be380000,0x00000007c0000000)
 ParOldGen       total 699392K, used 79422K [0x00000006c0000000, 0x00000006eab00000, 0x000000076ab00000)
  object space 699392K, 11% used [0x00000006c0000000,0x00000006c4d8fa18,0x00000006eab00000)
 Metaspace       used 67164K, capacity 78042K, committed 78168K, reserved 1118208K
  class space    used 8445K, capacity 9029K, committed 9088K, reserved 1048576K
}
Event: 915.996 GC heap before
{Heap before GC invocations=23 (full 3):
 PSYoungGen      total 1365504K, used 1365242K [0x000000076ab00000, 0x00000007c0000000, 0x00000007c0000000)
  eden space 1342976K, 100% used [0x000000076ab00000,0x00000007bca80000,0x00000007bca80000)
  from space 22528K, 98% used [0x00000007bca80000,0x00000007be03e850,0x00000007be080000)
  to   space 29184K, 0% used [0x00000007be380000,0x00000007be380000,0x00000007c0000000)
 ParOldGen       total 699392K, used 79422K [0x00000006c0000000, 0x00000006eab00000, 0x000000076ab00000)
  object space 699392K, 11% used [0x00000006c0000000,0x00000006c4d8fa18,0x00000006eab00000)
 Metaspace       used 70420K, capacity 82516K, committed 82776K, reserved 1122304K
  class space    used 8917K, capacity 9567K, committed 9600K, reserved 1048576K
Event: 916.013 GC heap after
Heap after GC invocations=23 (full 3):
 PSYoungGen      total 1369088K, used 16548K [0x000000076ab00000, 0x00000007c0000000, 0x00000007c0000000)
  eden space 1339904K, 0% used [0x000000076ab00000,0x000000076ab00000,0x00000007bc780000)
  from space 29184K, 56% used [0x00000007be380000,0x00000007bf3a9380,0x00000007c0000000)
  to   space 28672K, 0% used [0x00000007bc780000,0x00000007bc780000,0x00000007be380000)
 ParOldGen       total 699392K, used 93827K [0x00000006c0000000, 0x00000006eab00000, 0x000000076ab00000)
  object space 699392K, 13% used [0x00000006c0000000,0x00000006c5ba0c48,0x00000006eab00000)
 Metaspace       used 70420K, capacity 82516K, committed 82776K, reserved 1122304K
  class space    used 8917K, capacity 9567K, committed 9600K, reserved 1048576K
}
Event: 919.217 GC heap before
{Heap before GC invocations=24 (full 3):
 PSYoungGen      total 1369088K, used 1356452K [0x000000076ab00000, 0x00000007c0000000, 0x00000007c0000000)
  eden space 1339904K, 100% used [0x000000076ab00000,0x00000007bc780000,0x00000007bc780000)
  from space 29184K, 56% used [0x00000007be380000,0x00000007bf3a9380,0x00000007c0000000)
  to   space 28672K, 0% used [0x00000007bc780000,0x00000007bc780000,0x00000007be380000)
 ParOldGen       total 699392K, used 93827K [0x00000006c0000000, 0x00000006eab00000, 0x000000076ab00000)
  object space 699392K, 13% used [0x00000006c0000000,0x00000006c5ba0c48,0x00000006eab00000)
 Metaspace       used 73242K, capacity 85722K, committed 85976K, reserved 1126400K
  class space    used 9142K, capacity 9858K, committed 9984K, reserved 1048576K
Event: 919.244 GC heap after
Heap after GC invocations=24 (full 3):
 PSYoungGen      total 1356288K, used 16331K [0x000000076ab00000, 0x00000007bfd80000, 0x00000007c0000000)
  eden space 1339904K, 0% used [0x000000076ab00000,0x000000076ab00000,0x00000007bc780000)
  from space 16384K, 99% used [0x00000007bc780000,0x00000007bd772e10,0x00000007bd780000)
  to   space 27648K, 0% used [0x00000007be280000,0x00000007be280000,0x00000007bfd80000)
 ParOldGen       total 699392K, used 108564K [0x00000006c0000000, 0x00000006eab00000, 0x000000076ab00000)
  object space 699392K, 15% used [0x00000006c0000000,0x00000006c6a052b8,0x00000006eab00000)
 Metaspace       used 73242K, capacity 85722K, committed 85976K, reserved 1126400K
  class space    used 9142K, capacity 9858K, committed 9984K, reserved 1048576K
}

